2026-03-24 11:49:39  INFO     ── 初始化检查 ──────────────────────────────
2026-03-24 11:49:39  INFO       SPY    下载历史数据（10y）...
2026-03-24 11:49:39  INFO       SPY    初始化完成
2026-03-24 11:49:39  INFO       QQQ    下载历史数据（10y）...
2026-03-24 11:49:40  INFO       QQQ    初始化完成
2026-03-24 11:49:40  INFO       AAPL   下载历史数据（10y）...
2026-03-24 11:49:40  INFO       AAPL   初始化完成
2026-03-24 11:49:40  INFO       MSFT   下载历史数据（10y）...
2026-03-24 11:49:41  INFO       MSFT   初始化完成
2026-03-24 11:49:41  INFO       NVDA   下载历史数据（10y）...
2026-03-24 11:49:41  INFO       NVDA   初始化完成
2026-03-24 11:49:41  INFO       TSLA   下载历史数据（10y）...
2026-03-24 11:49:42  INFO       TSLA   初始化完成
2026-03-24 11:49:42  INFO       JPM    下载历史数据（10y）...
2026-03-24 11:49:43  INFO       JPM    初始化完成
2026-03-24 11:49:43  INFO     初始化完成

2026-03-24 11:50:43  INFO     ══════════════════════════════════════════
2026-03-24 11:50:43  INFO       开始执行  2026-03-24
2026-03-24 11:50:43  INFO     ══════════════════════════════════════════
2026-03-24 11:50:43  INFO     ── 初始化检查 ──────────────────────────────
2026-03-24 11:50:43  INFO       SPY    已有历史数据，跳过
2026-03-24 11:50:43  INFO       QQQ    已有历史数据，跳过
2026-03-24 11:50:43  INFO       AAPL   已有历史数据，跳过
2026-03-24 11:50:43  INFO       MSFT   已有历史数据，跳过
2026-03-24 11:50:43  INFO       NVDA   已有历史数据，跳过
2026-03-24 11:50:43  INFO       TSLA   已有历史数据，跳过
2026-03-24 11:50:43  INFO       JPM    已有历史数据，跳过
2026-03-24 11:50:43  INFO     初始化完成

2026-03-24 11:50:43  INFO       处理 SPY (S&P 500 ETF)
2026-03-24 11:50:43  INFO         → 信号: NEUTRAL         收盘: $655.38
2026-03-24 11:50:43  INFO       处理 QQQ (Nasdaq 100 ETF)
2026-03-24 11:50:43  INFO         → 信号: NEUTRAL         收盘: $588.0
2026-03-24 11:50:43  INFO       处理 AAPL (Apple)
2026-03-24 11:50:44  INFO         → 信号: NEUTRAL         收盘: $251.49
2026-03-24 11:50:44  INFO       处理 MSFT (Microsoft)
2026-03-24 11:50:44  INFO         → 信号: NEUTRAL         收盘: $383.0
2026-03-24 11:50:44  INFO       处理 NVDA (NVIDIA)
2026-03-24 11:50:44  INFO         → 信号: NEUTRAL         收盘: $175.64
2026-03-24 11:50:44  INFO       处理 TSLA (Tesla)
2026-03-24 11:50:44  INFO         → 信号: NEUTRAL         收盘: $380.85
2026-03-24 11:50:44  INFO       处理 JPM (JPMorgan Chase)
2026-03-24 11:50:45  INFO         → 信号: NEUTRAL         收盘: $289.91
2026-03-24 11:50:45  INFO     ─── 生成报表 ────────────────────────────
2026-03-24 11:50:45  INFO       报表路径: /Users/jay/workspace/my_github/triple_screen/docs/reports/2026-03-24.html
2026-03-24 11:50:45  INFO     ══ 完成 2026-03-24 ══

2026-03-24 11:51:25  INFO     ══════════════════════════════════════════
2026-03-24 11:51:25  INFO       开始执行  2026-03-24
2026-03-24 11:51:25  INFO     ══════════════════════════════════════════
2026-03-24 11:51:25  INFO     ── 初始化检查 ──────────────────────────────
2026-03-24 11:51:25  INFO       SPY    已有历史数据，跳过
2026-03-24 11:51:25  INFO       QQQ    已有历史数据，跳过
2026-03-24 11:51:25  INFO       AAPL   已有历史数据，跳过
2026-03-24 11:51:25  INFO       MSFT   已有历史数据，跳过
2026-03-24 11:51:25  INFO       NVDA   已有历史数据，跳过
2026-03-24 11:51:25  INFO       TSLA   已有历史数据，跳过
2026-03-24 11:51:25  INFO       JPM    已有历史数据，跳过
2026-03-24 11:51:25  INFO     初始化完成

2026-03-24 11:51:25  INFO       处理 SPY (S&P 500 ETF)
2026-03-24 11:51:26  INFO         → 信号: NEUTRAL         收盘: $655.38
2026-03-24 11:51:26  INFO       处理 QQQ (Nasdaq 100 ETF)
2026-03-24 11:51:26  INFO         → 信号: NEUTRAL         收盘: $588.0
2026-03-24 11:51:26  INFO       处理 AAPL (Apple)
2026-03-24 11:51:26  INFO         → 信号: NEUTRAL         收盘: $251.49
2026-03-24 11:51:26  INFO       处理 MSFT (Microsoft)
2026-03-24 11:51:27  INFO         → 信号: NEUTRAL         收盘: $383.0
2026-03-24 11:51:27  INFO       处理 NVDA (NVIDIA)
2026-03-24 11:51:27  INFO         → 信号: NEUTRAL         收盘: $175.64
2026-03-24 11:51:27  INFO       处理 TSLA (Tesla)
2026-03-24 11:51:27  INFO         → 信号: NEUTRAL         收盘: $380.85
2026-03-24 11:51:27  INFO       处理 JPM (JPMorgan Chase)
2026-03-24 11:51:27  INFO         → 信号: NEUTRAL         收盘: $289.91
2026-03-24 11:51:27  INFO     ─── 生成报表 ────────────────────────────
2026-03-24 11:51:27  INFO       报表路径: /Users/jay/workspace/my_github/triple_screen/docs/reports/2026-03-24.html
2026-03-24 11:51:27  INFO     ─── 推送 GitHub ─────────────────────────
2026-03-24 11:51:30  INFO     ══ 完成 2026-03-24 ══

2026-03-24 12:27:20  INFO     ══════════════════════════════════════════
2026-03-24 12:27:20  INFO       开始执行  2026-03-24
2026-03-24 12:27:20  INFO     ══════════════════════════════════════════
2026-03-24 12:27:20  INFO     ── 初始化检查 ──────────────────────────────
2026-03-24 12:27:20  INFO       SPY    已有历史数据，跳过
2026-03-24 12:27:20  INFO       QQQ    已有历史数据，跳过
2026-03-24 12:27:20  INFO       AAPL   已有历史数据，跳过
2026-03-24 12:27:20  INFO       MSFT   已有历史数据，跳过
2026-03-24 12:27:20  INFO       NVDA   已有历史数据，跳过
2026-03-24 12:27:20  INFO       TSLA   已有历史数据，跳过
2026-03-24 12:27:20  INFO       JPM    已有历史数据，跳过
2026-03-24 12:27:20  INFO     初始化完成

2026-03-24 12:27:20  INFO       处理 SPY (S&P 500 ETF)
2026-03-24 12:27:21  INFO         → 信号: NEUTRAL         收盘: $655.38
2026-03-24 12:27:21  INFO       处理 QQQ (Nasdaq 100 ETF)
2026-03-24 12:27:21  INFO         → 信号: NEUTRAL         收盘: $588.0
2026-03-24 12:27:21  INFO       处理 AAPL (Apple)
2026-03-24 12:27:22  INFO         → 信号: NEUTRAL         收盘: $251.49
2026-03-24 12:27:22  INFO       处理 MSFT (Microsoft)
2026-03-24 12:27:22  INFO         → 信号: NEUTRAL         收盘: $383.0
2026-03-24 12:27:22  INFO       处理 NVDA (NVIDIA)
2026-03-24 12:27:22  INFO         → 信号: NEUTRAL         收盘: $175.64
2026-03-24 12:27:22  INFO       处理 TSLA (Tesla)
2026-03-24 12:27:22  INFO         → 信号: NEUTRAL         收盘: $380.85
2026-03-24 12:27:22  INFO       处理 JPM (JPMorgan Chase)
2026-03-24 12:27:23  INFO         → 信号: NEUTRAL         收盘: $289.91
2026-03-24 12:27:23  INFO     ─── 生成报表 ────────────────────────────
2026-03-24 12:27:23  INFO       报表路径: /Users/jay/workspace/my_github/infinityjay.github.io/trading/reports/2026-03-24.html
2026-03-24 12:27:23  INFO     ─── 推送 GitHub ─────────────────────────
2026-03-24 12:27:25  INFO     ══ 完成 2026-03-24 ══

2026-03-24 15:02:31  INFO     ══════════════════════════════════════════
2026-03-24 15:02:31  INFO       开始执行  2026-03-24
2026-03-24 15:02:31  INFO     ══════════════════════════════════════════
2026-03-24 15:02:31  INFO     ── 初始化检查 ──────────────────────────────
2026-03-24 15:02:31  INFO       SPY    已有历史数据，跳过
2026-03-24 15:02:31  INFO       QQQ    已有历史数据，跳过
2026-03-24 15:02:31  INFO       NVDA   已有历史数据，跳过
2026-03-24 15:02:31  INFO       AMD    下载历史数据（10y）...
2026-03-24 15:02:32  INFO       AMD    初始化完成
2026-03-24 15:02:32  INFO       AVGO   下载历史数据（10y）...
2026-03-24 15:02:32  INFO       AVGO   初始化完成
2026-03-24 15:02:32  INFO       TSM    下载历史数据（10y）...
2026-03-24 15:02:33  INFO       TSM    初始化完成
2026-03-24 15:02:33  INFO       ASML   下载历史数据（10y）...
2026-03-24 15:02:33  INFO       ASML   初始化完成
2026-03-24 15:02:33  INFO       MU     下载历史数据（10y）...
2026-03-24 15:02:34  INFO       MU     初始化完成
2026-03-24 15:02:34  INFO       INTC   下载历史数据（10y）...
2026-03-24 15:02:34  INFO       INTC   初始化完成
2026-03-24 15:02:34  INFO       ARM    下载历史数据（10y）...
2026-03-24 15:02:35  INFO       ARM    初始化完成
2026-03-24 15:02:35  INFO       SMCI   下载历史数据（10y）...
2026-03-24 15:02:35  INFO       SMCI   初始化完成
2026-03-24 15:02:35  INFO       AAPL   已有历史数据，跳过
2026-03-24 15:02:35  INFO       MSFT   已有历史数据，跳过
2026-03-24 15:02:35  INFO       GOOG   下载历史数据（10y）...
2026-03-24 15:02:36  INFO       GOOG   初始化完成
2026-03-24 15:02:36  INFO       META   下载历史数据（10y）...
2026-03-24 15:02:36  INFO       META   初始化完成
2026-03-24 15:02:36  INFO       AMZN   下载历史数据（10y）...
2026-03-24 15:02:37  INFO       AMZN   初始化完成
2026-03-24 15:02:37  INFO       TSLA   已有历史数据，跳过
2026-03-24 15:02:37  INFO       ORCL   下载历史数据（10y）...
2026-03-24 15:02:37  INFO       ORCL   初始化完成
2026-03-24 15:02:37  INFO       PLTR   下载历史数据（10y）...
2026-03-24 15:02:37  INFO       PLTR   初始化完成
2026-03-24 15:02:37  INFO       APP    下载历史数据（10y）...
2026-03-24 15:02:38  INFO       APP    初始化完成
2026-03-24 15:02:38  INFO       CRWD   下载历史数据（10y）...
2026-03-24 15:02:38  INFO       CRWD   初始化完成
2026-03-24 15:02:38  INFO       SNOW   下载历史数据（10y）...
2026-03-24 15:02:39  INFO       SNOW   初始化完成
2026-03-24 15:02:39  INFO       MDB    下载历史数据（10y）...
2026-03-24 15:02:39  INFO       MDB    初始化完成
2026-03-24 15:02:39  INFO       SHOP   下载历史数据（10y）...
2026-03-24 15:02:39  INFO       SHOP   初始化完成
2026-03-24 15:02:39  INFO       DUOL   下载历史数据（10y）...
2026-03-24 15:02:40  INFO       DUOL   初始化完成
2026-03-24 15:02:40  INFO       NBIS   下载历史数据（10y）...
2026-03-24 15:02:40  INFO       NBIS   初始化完成
2026-03-24 15:02:40  INFO       TEM    下载历史数据（10y）...
2026-03-24 15:02:40  INFO       TEM    初始化完成
2026-03-24 15:02:40  INFO       RKLB   下载历史数据（10y）...
2026-03-24 15:02:41  INFO       RKLB   初始化完成
2026-03-24 15:02:41  INFO       CRWV   下载历史数据（10y）...
2026-03-24 15:02:41  INFO       CRWV   初始化完成
2026-03-24 15:02:41  INFO       ACN    下载历史数据（10y）...
2026-03-24 15:02:41  INFO       ACN    初始化完成
2026-03-24 15:02:41  INFO       NFLX   下载历史数据（10y）...
2026-03-24 15:02:42  INFO       NFLX   初始化完成
2026-03-24 15:02:42  INFO       BABA   下载历史数据（10y）...
2026-03-24 15:02:42  INFO       BABA   初始化完成
2026-03-24 15:02:42  INFO       NKE    下载历史数据（10y）...
2026-03-24 15:02:43  INFO       NKE    初始化完成
2026-03-24 15:02:43  INFO       WMT    下载历史数据（10y）...
2026-03-24 15:02:43  INFO       WMT    初始化完成
2026-03-24 15:02:43  INFO       JPM    已有历史数据，跳过
2026-03-24 15:02:43  INFO       BRK-B  下载历史数据（10y）...
2026-03-24 15:02:44  INFO       BRK-B  初始化完成
2026-03-24 15:02:44  INFO       SCHW   下载历史数据（10y）...
2026-03-24 15:02:44  INFO       SCHW   初始化完成
2026-03-24 15:02:44  INFO       IBKR   下载历史数据（10y）...
2026-03-24 15:02:45  INFO       IBKR   初始化完成
2026-03-24 15:02:45  INFO       C      下载历史数据（10y）...
2026-03-24 15:02:45  INFO       C      初始化完成
2026-03-24 15:02:45  INFO       LLY    下载历史数据（10y）...
2026-03-24 15:02:46  INFO       LLY    初始化完成
2026-03-24 15:02:46  INFO       NVO    下载历史数据（10y）...
2026-03-24 15:02:47  INFO       NVO    初始化完成
2026-03-24 15:02:47  INFO       UNH    下载历史数据（10y）...
2026-03-24 15:02:47  INFO       UNH    初始化完成
2026-03-24 15:02:47  INFO       PFE    下载历史数据（10y）...
2026-03-24 15:02:48  INFO       PFE    初始化完成
2026-03-24 15:02:48  INFO       TMO    下载历史数据（10y）...
2026-03-24 15:02:48  INFO       TMO    初始化完成
2026-03-24 15:02:48  INFO       CVX    下载历史数据（10y）...
2026-03-24 15:02:49  INFO       CVX    初始化完成
2026-03-24 15:02:49  INFO       COIN   下载历史数据（10y）...
2026-03-24 15:02:49  INFO       COIN   初始化完成
2026-03-24 15:02:49  INFO       MSTR   下载历史数据（10y）...
2026-03-24 15:02:50  INFO       MSTR   初始化完成
2026-03-24 15:02:50  INFO     初始化完成

2026-03-24 15:02:50  INFO       处理 SPY (S&P 500 ETF)
2026-03-24 15:02:50  INFO         → 信号: NEUTRAL         收盘: $652.08
2026-03-24 15:02:50  INFO       处理 QQQ (Nasdaq 100 ETF)
2026-03-24 15:02:50  INFO         → 信号: NEUTRAL         收盘: $584.21
2026-03-24 15:02:50  INFO       处理 NVDA (NVIDIA)
2026-03-24 15:02:51  INFO         → 信号: NEUTRAL         收盘: $175.64
2026-03-24 15:02:51  INFO       处理 AMD (AMD)
2026-03-24 15:02:51  INFO         → 信号: NEUTRAL         收盘: $202.27
2026-03-24 15:02:51  INFO       处理 AVGO (Broadcom)
2026-03-24 15:02:51  INFO         → 信号: NEUTRAL         收盘: $316.77
2026-03-24 15:02:51  INFO       处理 TSM (Taiwan Semiconductor)
2026-03-24 15:02:51  INFO         → 信号: CAUTION_LONG    收盘: $340.98
2026-03-24 15:02:51  INFO       处理 ASML (ASML Holding)
2026-03-24 15:02:52  INFO         → 信号: CAUTION_LONG    收盘: $1381.0
2026-03-24 15:02:52  INFO       处理 MU (Micron Technology)
2026-03-24 15:02:52  INFO         → 信号: CAUTION_LONG    收盘: $397.93
2026-03-24 15:02:52  INFO       处理 INTC (Intel)
2026-03-24 15:02:52  INFO         → 信号: CAUTION_LONG    收盘: $43.81
2026-03-24 15:02:52  INFO       处理 ARM (Arm Holdings)
2026-03-24 15:02:53  INFO         → 信号: NEUTRAL         收盘: $135.06
2026-03-24 15:02:53  INFO       处理 SMCI (Super Micro Computer)
2026-03-24 15:02:53  INFO         → 信号: NEUTRAL         收盘: $21.67
2026-03-24 15:02:53  INFO       处理 AAPL (Apple)
2026-03-24 15:02:53  INFO         → 信号: NEUTRAL         收盘: $252.0
2026-03-24 15:02:53  INFO       处理 MSFT (Microsoft)
2026-03-24 15:02:54  INFO         → 信号: NEUTRAL         收盘: $375.65
2026-03-24 15:02:54  INFO       处理 GOOG (Alphabet)
2026-03-24 15:02:54  INFO         → 信号: NEUTRAL         收盘: $295.36
2026-03-24 15:02:54  INFO       处理 META (Meta Platforms)
2026-03-24 15:02:54  INFO         → 信号: NEUTRAL         收盘: $595.43
2026-03-24 15:02:54  INFO       处理 AMZN (Amazon)
2026-03-24 15:02:54  INFO         → 信号: NEUTRAL         收盘: $207.88
2026-03-24 15:02:54  INFO       处理 TSLA (Tesla)
2026-03-24 15:02:54  INFO         → 信号: NEUTRAL         收盘: $385.09
2026-03-24 15:02:54  INFO       处理 ORCL (Oracle)
2026-03-24 15:02:55  INFO         → 信号: NEUTRAL         收盘: $149.57
2026-03-24 15:02:55  INFO       处理 PLTR (Palantir)
2026-03-24 15:02:55  INFO         → 信号: WATCH_LONG      收盘: $154.9
2026-03-24 15:02:55  INFO       处理 APP (Applovin)
2026-03-24 15:02:55  INFO         → 信号: NEUTRAL         收盘: $440.08
2026-03-24 15:02:55  INFO       处理 CRWD (CrowdStrike)
2026-03-24 15:02:55  INFO         → 信号: NEUTRAL         收盘: $395.19
2026-03-24 15:02:55  INFO       处理 SNOW (Snowflake)
2026-03-24 15:02:56  INFO         → 信号: NEUTRAL         收盘: $167.74
2026-03-24 15:02:56  INFO       处理 MDB (MongoDB)
2026-03-24 15:02:56  INFO         → 信号: NEUTRAL         收盘: $260.94
2026-03-24 15:02:56  INFO       处理 SHOP (Shopify)
2026-03-24 15:02:56  INFO         → 信号: NEUTRAL         收盘: $116.39
2026-03-24 15:02:56  INFO       处理 DUOL (Duolingo)
2026-03-24 15:02:56  INFO         → 信号: NEUTRAL         收盘: $97.89
2026-03-24 15:02:56  INFO       处理 NBIS (Nebius Group)
2026-03-24 15:02:56  INFO         → 信号: WATCH_LONG      收盘: $115.18
2026-03-24 15:02:56  INFO       处理 TEM (Tempus AI)
2026-03-24 15:02:57  INFO         → 信号: NEUTRAL         收盘: $48.34
2026-03-24 15:02:57  INFO       处理 RKLB (Rocket Lab)
2026-03-24 15:02:57  INFO         → 信号: NEUTRAL         收盘: $66.88
2026-03-24 15:02:57  INFO       处理 CRWV (CoreWeave)
2026-03-24 15:02:57  INFO         → 信号: NEUTRAL         收盘: $81.77
2026-03-24 15:02:57  INFO       处理 ACN (Accenture)
2026-03-24 15:02:57  INFO         → 信号: WATCH_SHORT     收盘: $192.49
2026-03-24 15:02:57  INFO       处理 NFLX (Netflix)
2026-03-24 15:02:58  INFO         → 信号: WATCH_LONG      收盘: $92.7
2026-03-24 15:02:58  INFO       处理 BABA (Alibaba)
2026-03-24 15:02:58  INFO         → 信号: NEUTRAL         收盘: $124.73
2026-03-24 15:02:58  INFO       处理 NKE (Nike)
2026-03-24 15:02:58  INFO         → 信号: NEUTRAL         收盘: $53.18
2026-03-24 15:02:58  INFO       处理 WMT (Walmart)
2026-03-24 15:02:59  INFO         → 信号: CAUTION_LONG    收盘: $122.18
2026-03-24 15:02:59  INFO       处理 JPM (JPMorgan Chase)
2026-03-24 15:02:59  INFO         → 信号: NEUTRAL         收盘: $288.49
2026-03-24 15:02:59  INFO       处理 BRK-B (Berkshire Hathaway B)
2026-03-24 15:02:59  INFO         → 信号: NEUTRAL         收盘: $480.79
2026-03-24 15:02:59  INFO       处理 SCHW (Charles Schwab)
2026-03-24 15:03:00  INFO         → 信号: NEUTRAL         收盘: $95.53
2026-03-24 15:03:00  INFO       处理 IBKR (Interactive Brokers)
2026-03-24 15:03:00  INFO         → 信号: WATCH_SHORT     收盘: $67.4
2026-03-24 15:03:00  INFO       处理 C (Citigroup)
2026-03-24 15:03:00  INFO         → 信号: NEUTRAL         收盘: $111.18
2026-03-24 15:03:00  INFO       处理 LLY (Eli Lilly)
2026-03-24 15:03:01  INFO         → 信号: NEUTRAL         收盘: $903.0
2026-03-24 15:03:01  INFO       处理 NVO (Novo Nordisk)
2026-03-24 15:03:01  INFO         → 信号: NEUTRAL         收盘: $36.69
2026-03-24 15:03:01  INFO       处理 UNH (UnitedHealth Group)
2026-03-24 15:03:01  INFO         → 信号: NEUTRAL         收盘: $270.4
2026-03-24 15:03:01  INFO       处理 PFE (Pfizer)
2026-03-24 15:03:02  INFO         → 信号: CAUTION_LONG    收盘: $26.82
2026-03-24 15:03:02  INFO       处理 TMO (Thermo Fisher)
2026-03-24 15:03:02  INFO         → 信号: NEUTRAL         收盘: $480.52
2026-03-24 15:03:02  INFO       处理 CVX (Chevron)
2026-03-24 15:03:02  INFO         → 信号: NEUTRAL         收盘: $207.66
2026-03-24 15:03:02  INFO       处理 COIN (Coinbase)
2026-03-24 15:03:03  INFO         → 信号: NEUTRAL         收盘: $195.92
2026-03-24 15:03:03  INFO       处理 MSTR (MicroStrategy)
2026-03-24 15:03:03  INFO         → 信号: NEUTRAL         收盘: $137.92
2026-03-24 15:03:03  INFO     ─── 生成报表 ────────────────────────────
2026-03-24 15:03:03  INFO       报表路径: /Users/jay/workspace/my_github/infinityjay.github.io/trading/reports/2026-03-24.html
2026-03-24 15:03:03  INFO     ─── 推送 GitHub ─────────────────────────
2026-03-24 15:03:05  INFO     ══ 完成 2026-03-24 ══

2026-03-24 15:22:25  INFO     ══════════════════════════════════════════
2026-03-24 15:22:25  INFO       开始执行  2026-03-24
2026-03-24 15:22:25  INFO     ══════════════════════════════════════════
2026-03-24 15:22:25  INFO     ── 初始化检查 ──────────────────────────────
2026-03-24 15:22:25  INFO       SPY    已有历史数据，跳过
2026-03-24 15:22:25  INFO       QQQ    已有历史数据，跳过
2026-03-24 15:22:25  INFO       NVDA   已有历史数据，跳过
2026-03-24 15:22:25  INFO       AMD    已有历史数据，跳过
2026-03-24 15:22:25  INFO       AVGO   已有历史数据，跳过
2026-03-24 15:22:25  INFO       TSM    已有历史数据，跳过
2026-03-24 15:22:25  INFO       ASML   已有历史数据，跳过
2026-03-24 15:22:25  INFO       MU     已有历史数据，跳过
2026-03-24 15:22:25  INFO       INTC   已有历史数据，跳过
2026-03-24 15:22:25  INFO       ARM    已有历史数据，跳过
2026-03-24 15:22:25  INFO       SMCI   已有历史数据，跳过
2026-03-24 15:22:25  INFO       AAPL   已有历史数据，跳过
2026-03-24 15:22:25  INFO       MSFT   已有历史数据，跳过
2026-03-24 15:22:25  INFO       GOOG   已有历史数据，跳过
2026-03-24 15:22:25  INFO       META   已有历史数据，跳过
2026-03-24 15:22:25  INFO       AMZN   已有历史数据，跳过
2026-03-24 15:22:25  INFO       TSLA   已有历史数据，跳过
2026-03-24 15:22:25  INFO       ORCL   已有历史数据，跳过
2026-03-24 15:22:25  INFO       PLTR   已有历史数据，跳过
2026-03-24 15:22:25  INFO       APP    已有历史数据，跳过
2026-03-24 15:22:25  INFO       CRWD   已有历史数据，跳过
2026-03-24 15:22:25  INFO       SNOW   已有历史数据，跳过
2026-03-24 15:22:25  INFO       MDB    已有历史数据，跳过
2026-03-24 15:22:25  INFO       SHOP   已有历史数据，跳过
2026-03-24 15:22:25  INFO       DUOL   已有历史数据，跳过
2026-03-24 15:22:25  INFO       NBIS   已有历史数据，跳过
2026-03-24 15:22:25  INFO       TEM    已有历史数据，跳过
2026-03-24 15:22:25  INFO       RKLB   已有历史数据，跳过
2026-03-24 15:22:25  INFO       CRWV   已有历史数据，跳过
2026-03-24 15:22:25  INFO       ACN    已有历史数据，跳过
2026-03-24 15:22:25  INFO       NFLX   已有历史数据，跳过
2026-03-24 15:22:25  INFO       BABA   已有历史数据，跳过
2026-03-24 15:22:25  INFO       NKE    已有历史数据，跳过
2026-03-24 15:22:25  INFO       WMT    已有历史数据，跳过
2026-03-24 15:22:25  INFO       JPM    已有历史数据，跳过
2026-03-24 15:22:25  INFO       BRK-B  已有历史数据，跳过
2026-03-24 15:22:25  INFO       SCHW   已有历史数据，跳过
2026-03-24 15:22:25  INFO       IBKR   已有历史数据，跳过
2026-03-24 15:22:25  INFO       C      已有历史数据，跳过
2026-03-24 15:22:25  INFO       LLY    已有历史数据，跳过
2026-03-24 15:22:25  INFO       NVO    已有历史数据，跳过
2026-03-24 15:22:25  INFO       UNH    已有历史数据，跳过
2026-03-24 15:22:25  INFO       PFE    已有历史数据，跳过
2026-03-24 15:22:25  INFO       TMO    已有历史数据，跳过
2026-03-24 15:22:25  INFO       CVX    已有历史数据，跳过
2026-03-24 15:22:25  INFO       COIN   已有历史数据，跳过
2026-03-24 15:22:25  INFO       CRCL   下载历史数据（10y）...
2026-03-24 15:22:26  INFO       CRCL   初始化完成
2026-03-24 15:22:26  INFO       MSTR   已有历史数据，跳过
2026-03-24 15:22:26  INFO     初始化完成

2026-03-24 15:22:26  INFO       处理 SPY (S&P 500 ETF)
2026-03-24 15:22:26  INFO         → 信号: NEUTRAL         收盘: $652.69
2026-03-24 15:22:26  INFO       处理 QQQ (Nasdaq 100 ETF)
2026-03-24 15:22:26  INFO         → 信号: NEUTRAL         收盘: $584.21
2026-03-24 15:22:26  INFO       处理 NVDA (NVIDIA)
2026-03-24 15:22:27  INFO         → 信号: NEUTRAL         收盘: $174.54
2026-03-24 15:22:27  INFO       处理 AMD (AMD)
2026-03-24 15:22:27  INFO         → 信号: NEUTRAL         收盘: $201.15
2026-03-24 15:22:27  INFO       处理 AVGO (Broadcom)
2026-03-24 15:22:27  INFO         → 信号: NEUTRAL         收盘: $316.24
2026-03-24 15:22:27  INFO       处理 TSM (Taiwan Semiconductor)
2026-03-24 15:22:27  INFO         → 信号: CAUTION_LONG    收盘: $339.95
2026-03-24 15:22:27  INFO       处理 ASML (ASML Holding)
2026-03-24 15:22:28  INFO         → 信号: CAUTION_LONG    收盘: $1375.43
2026-03-24 15:22:28  INFO       处理 MU (Micron Technology)
2026-03-24 15:22:28  INFO         → 信号: CAUTION_LONG    收盘: $393.79
2026-03-24 15:22:28  INFO       处理 INTC (Intel)
2026-03-24 15:22:28  INFO         → 信号: NEUTRAL         收盘: $43.55
2026-03-24 15:22:28  INFO       处理 ARM (Arm Holdings)
2026-03-24 15:22:28  INFO         → 信号: NEUTRAL         收盘: $136.15
2026-03-24 15:22:28  INFO       处理 SMCI (Super Micro Computer)
2026-03-24 15:22:29  INFO         → 信号: NEUTRAL         收盘: $21.33
2026-03-24 15:22:29  INFO       处理 AAPL (Apple)
2026-03-24 15:22:29  INFO         → 信号: NEUTRAL         收盘: $252.91
2026-03-24 15:22:29  INFO       处理 MSFT (Microsoft)
2026-03-24 15:22:29  INFO         → 信号: NEUTRAL         收盘: $373.16
2026-03-24 15:22:29  INFO       处理 GOOG (Alphabet)
2026-03-24 15:22:30  INFO         → 信号: NEUTRAL         收盘: $294.28
2026-03-24 15:22:30  INFO       处理 META (Meta Platforms)
2026-03-24 15:22:30  INFO         → 信号: NEUTRAL         收盘: $593.91
2026-03-24 15:22:30  INFO       处理 AMZN (Amazon)
2026-03-24 15:22:30  INFO         → 信号: NEUTRAL         收盘: $207.91
2026-03-24 15:22:30  INFO       处理 TSLA (Tesla)
2026-03-24 15:22:30  INFO         → 信号: NEUTRAL         收盘: $385.09
2026-03-24 15:22:30  INFO       处理 ORCL (Oracle)
2026-03-24 15:22:30  INFO         → 信号: NEUTRAL         收盘: $148.05
2026-03-24 15:22:30  INFO       处理 PLTR (Palantir)
2026-03-24 15:22:31  INFO         → 信号: NEUTRAL         收盘: $153.37
2026-03-24 15:22:31  INFO       处理 APP (Applovin)
2026-03-24 15:22:31  INFO         → 信号: NEUTRAL         收盘: $435.68
2026-03-24 15:22:31  INFO       处理 CRWD (CrowdStrike)
2026-03-24 15:22:31  INFO         → 信号: WATCH_SHORT     收盘: $394.02
2026-03-24 15:22:31  INFO       处理 SNOW (Snowflake)
2026-03-24 15:22:31  INFO         → 信号: NEUTRAL         收盘: $166.59
2026-03-24 15:22:31  INFO       处理 MDB (MongoDB)
2026-03-24 15:22:31  INFO         → 信号: NEUTRAL         收盘: $261.36
2026-03-24 15:22:31  INFO       处理 SHOP (Shopify)
2026-03-24 15:22:32  INFO         → 信号: NEUTRAL         收盘: $115.94
2026-03-24 15:22:32  INFO       处理 DUOL (Duolingo)
2026-03-24 15:22:32  INFO         → 信号: NEUTRAL         收盘: $98.44
2026-03-24 15:22:32  INFO       处理 NBIS (Nebius Group)
2026-03-24 15:22:32  INFO         → 信号: WATCH_LONG      收盘: $113.28
2026-03-24 15:22:32  INFO       处理 TEM (Tempus AI)
2026-03-24 15:22:32  INFO         → 信号: NEUTRAL         收盘: $48.27
2026-03-24 15:22:32  INFO       处理 RKLB (Rocket Lab)
2026-03-24 15:22:33  INFO         → 信号: NEUTRAL         收盘: $64.83
2026-03-24 15:22:33  INFO       处理 CRWV (CoreWeave)
2026-03-24 15:22:33  INFO         → 信号: NEUTRAL         收盘: $80.76
2026-03-24 15:22:33  INFO       处理 ACN (Accenture)
2026-03-24 15:22:33  INFO         → 信号: WATCH_SHORT     收盘: $193.34
2026-03-24 15:22:33  INFO       处理 NFLX (Netflix)
2026-03-24 15:22:33  INFO         → 信号: WATCH_LONG      收盘: $92.64
2026-03-24 15:22:33  INFO       处理 BABA (Alibaba)
2026-03-24 15:22:34  INFO         → 信号: NEUTRAL         收盘: $124.52
2026-03-24 15:22:34  INFO       处理 NKE (Nike)
2026-03-24 15:22:34  INFO         → 信号: NEUTRAL         收盘: $53.45
2026-03-24 15:22:34  INFO       处理 WMT (Walmart)
2026-03-24 15:22:34  INFO         → 信号: CAUTION_LONG    收盘: $122.7
2026-03-24 15:22:34  INFO       处理 JPM (JPMorgan Chase)
2026-03-24 15:22:35  INFO         → 信号: NEUTRAL         收盘: $288.49
2026-03-24 15:22:35  INFO       处理 BRK-B (Berkshire Hathaway B)
2026-03-24 15:22:35  INFO         → 信号: NEUTRAL         收盘: $482.19
2026-03-24 15:22:35  INFO       处理 SCHW (Charles Schwab)
2026-03-24 15:22:35  INFO         → 信号: NEUTRAL         收盘: $95.7
2026-03-24 15:22:35  INFO       处理 IBKR (Interactive Brokers)
2026-03-24 15:22:35  INFO         → 信号: WATCH_SHORT     收盘: $67.36
2026-03-24 15:22:35  INFO       处理 C (Citigroup)
2026-03-24 15:22:36  INFO         → 信号: NEUTRAL         收盘: $111.67
2026-03-24 15:22:36  INFO       处理 LLY (Eli Lilly)
2026-03-24 15:22:36  INFO         → 信号: NEUTRAL         收盘: $896.44
2026-03-24 15:22:36  INFO       处理 NVO (Novo Nordisk)
2026-03-24 15:22:36  INFO         → 信号: NEUTRAL         收盘: $36.72
2026-03-24 15:22:36  INFO       处理 UNH (UnitedHealth Group)
2026-03-24 15:22:37  INFO         → 信号: NEUTRAL         收盘: $270.19
2026-03-24 15:22:37  INFO       处理 PFE (Pfizer)
2026-03-24 15:22:37  INFO         → 信号: CAUTION_LONG    收盘: $26.86
2026-03-24 15:22:37  INFO       处理 TMO (Thermo Fisher)
2026-03-24 15:22:37  INFO         → 信号: NEUTRAL         收盘: $482.36
2026-03-24 15:22:37  INFO       处理 CVX (Chevron)
2026-03-24 15:22:38  INFO         → 信号: NEUTRAL         收盘: $209.05
2026-03-24 15:22:38  INFO       处理 COIN (Coinbase)
2026-03-24 15:22:38  INFO         → 信号: NEUTRAL         收盘: $188.72
2026-03-24 15:22:38  INFO       处理 CRCL (Circle)
2026-03-24 15:22:38  INFO         → 信号: WATCH_LONG      收盘: $109.44
2026-03-24 15:22:38  INFO       处理 MSTR (MicroStrategy)
2026-03-24 15:22:38  INFO         → 信号: NEUTRAL         收盘: $136.1
2026-03-24 15:22:38  INFO     ─── 生成报表 ────────────────────────────
2026-03-24 15:22:38  INFO       报表路径: /Users/jay/workspace/my_github/infinityjay.github.io/trading/reports/2026-03-24.html
2026-03-24 15:22:38  INFO     ─── 推送 GitHub ─────────────────────────
2026-03-24 15:22:40  INFO     ══ 完成 2026-03-24 ══

